0 info it worked if it ends with ok
1 verbose cli [ '/usr/local/bin/node',
1 verbose cli   '/usr/local/bin/npm',
1 verbose cli   'install',
1 verbose cli   'tns-template-blank',
1 verbose cli   '--save' ]
2 info using npm@3.10.10
3 info using node@v6.11.4
4 silly loadCurrentTree Starting
5 silly install loadCurrentTree
6 silly install readLocalPackageData
7 silly fetchPackageMetaData tns-template-blank
8 silly fetchNamedPackageData tns-template-blank
9 silly mapToRegistry name tns-template-blank
10 silly mapToRegistry using default registry
11 silly mapToRegistry registry https://registry.npmjs.org/
12 silly mapToRegistry data Result {
12 silly mapToRegistry   raw: 'tns-template-blank',
12 silly mapToRegistry   scope: null,
12 silly mapToRegistry   escapedName: 'tns-template-blank',
12 silly mapToRegistry   name: 'tns-template-blank',
12 silly mapToRegistry   rawSpec: '',
12 silly mapToRegistry   spec: 'latest',
12 silly mapToRegistry   type: 'tag' }
13 silly mapToRegistry uri https://registry.npmjs.org/tns-template-blank
14 verbose request uri https://registry.npmjs.org/tns-template-blank
15 verbose request no auth needed
16 info attempt registry request try #1 at 4:23:13 PM
17 verbose request id 43bcecef259a5e2c
18 verbose etag "5a7aa72f-94ec"
19 verbose lastModified Wed, 7 Feb 2018 7:13:51 GMT
20 http request GET https://registry.npmjs.org/tns-template-blank
21 http 200 https://registry.npmjs.org/tns-template-blank
22 verbose headers { 'content-type': 'application/json; charset=UTF-8',
22 verbose headers   server: 'UploadServer',
22 verbose headers   'cache-control': 'max-age=300',
22 verbose headers   'last-modified': 'Thu, 12 Apr 2018 7:41:27 GMT',
22 verbose headers   etag: '"5acf0da7-a9fa"',
22 verbose headers   'x-npm-region': 'EU-West',
22 verbose headers   'content-encoding': 'gzip',
22 verbose headers   'content-length': '7288',
22 verbose headers   'accept-ranges': 'bytes',
22 verbose headers   date: 'Thu, 19 Apr 2018 14:23:13 GMT',
22 verbose headers   via: '1.1 varnish',
22 verbose headers   age: '0',
22 verbose headers   connection: 'keep-alive',
22 verbose headers   'x-served-by': 'cache-mad9437-MAD',
22 verbose headers   'x-cache': 'MISS',
22 verbose headers   'x-cache-hits': '0',
22 verbose headers   'x-timer': 'S1524147794.524078,VS0,VE148',
22 verbose headers   vary: 'Accept-Encoding, Accept' }
23 silly get cb [ 200,
23 silly get   { 'content-type': 'application/json; charset=UTF-8',
23 silly get     server: 'UploadServer',
23 silly get     'cache-control': 'max-age=300',
23 silly get     'last-modified': 'Thu, 12 Apr 2018 7:41:27 GMT',
23 silly get     etag: '"5acf0da7-a9fa"',
23 silly get     'x-npm-region': 'EU-West',
23 silly get     'content-encoding': 'gzip',
23 silly get     'content-length': '7288',
23 silly get     'accept-ranges': 'bytes',
23 silly get     date: 'Thu, 19 Apr 2018 14:23:13 GMT',
23 silly get     via: '1.1 varnish',
23 silly get     age: '0',
23 silly get     connection: 'keep-alive',
23 silly get     'x-served-by': 'cache-mad9437-MAD',
23 silly get     'x-cache': 'MISS',
23 silly get     'x-cache-hits': '0',
23 silly get     'x-timer': 'S1524147794.524078,VS0,VE148',
23 silly get     vary: 'Accept-Encoding, Accept' } ]
24 verbose get saving tns-template-blank to /Users/jacquelinefranssen/.npm/registry.npmjs.org/tns-template-blank/.cache.json
25 verbose correctMkdir /Users/jacquelinefranssen/.npm correctMkdir not in flight; initializing
26 silly install normalizeTree
27 silly loadCurrentTree Finishing
28 silly loadIdealTree Starting
29 silly install loadIdealTree
30 silly cloneCurrentTree Starting
31 silly install cloneCurrentTreeToIdealTree
32 silly cloneCurrentTree Finishing
33 silly loadShrinkwrap Starting
34 silly install loadShrinkwrap
35 silly loadShrinkwrap Finishing
36 silly loadAllDepsIntoIdealTree Starting
37 silly install loadAllDepsIntoIdealTree
38 silly rollbackFailedOptional Starting
39 silly rollbackFailedOptional Finishing
40 silly runTopLevelLifecycles Finishing
41 silly install printInstalled
42 verbose stack Error: Refusing to install tns-template-blank as a dependency of itself
42 verbose stack     at checkSelf (/usr/local/lib/node_modules/npm/lib/install/validate-args.js:53:14)
42 verbose stack     at Array.<anonymous> (/usr/local/lib/node_modules/npm/node_modules/slide/lib/bind-actor.js:15:8)
42 verbose stack     at LOOP (/usr/local/lib/node_modules/npm/node_modules/slide/lib/chain.js:15:14)
42 verbose stack     at chain (/usr/local/lib/node_modules/npm/node_modules/slide/lib/chain.js:20:5)
42 verbose stack     at /usr/local/lib/node_modules/npm/lib/install/validate-args.js:16:5
42 verbose stack     at /usr/local/lib/node_modules/npm/node_modules/slide/lib/async-map.js:52:35
42 verbose stack     at Array.forEach (native)
42 verbose stack     at /usr/local/lib/node_modules/npm/node_modules/slide/lib/async-map.js:52:11
42 verbose stack     at Array.forEach (native)
42 verbose stack     at asyncMap (/usr/local/lib/node_modules/npm/node_modules/slide/lib/async-map.js:51:8)
43 verbose cwd /Users/jacquelinefranssen/Desktop/Alumnos_Repo/Alumnos_App/app
44 error Darwin 17.5.0
45 error argv "/usr/local/bin/node" "/usr/local/bin/npm" "install" "tns-template-blank" "--save"
46 error node v6.11.4
47 error npm  v3.10.10
48 error code ENOSELF
49 error Refusing to install tns-template-blank as a dependency of itself
50 error If you need help, you may report this error at:
50 error     <https://github.com/npm/npm/issues>
51 verbose exit [ 1, true ]
